# JRE version: Java(TM) SE Runtime Environment (17.0.12+8) (build 17.0.12+8-LTS-286)
# Java VM: Java HotSpot(TM) 64-Bit Server VM (17.0.12+8-LTS-286, mixed mode, emulated-client, sharing, tiered, compressed oops, compressed class ptrs, g1 gc, windows-amd64)
GC Precious Log:
 CPUs: 16 total, 16 available
 Memory: 16052M
 Large Page Support: Disabled
 NUMA Support: Disabled
 Compressed Oops: Enabled (Zero based)
 Heap Region Size: 2M
 Heap Min Capacity: 8M
 Heap Initial Capacity: 252M
 Heap Max Capacity: 4014M
 Pre-touch: Disabled
 Parallel Workers: 13
 Concurrent Workers: 3
 Concurrent Refinement Workers: 13
 Periodic GC: Disabled
Heap:
 garbage-first heap   total 122880K, used 78316K [0x0000000705200000, 0x0000000800000000)
  region size 2048K, 26 young (53248K), 2 survivors (4096K)
 Metaspace       used 65681K, committed 66304K, reserved 1114112K
  class space    used 9596K, committed 9920K, reserved 1048576K
GC Heap History (20 events):
Event: 2.168 GC heap before
{Heap before GC invocations=5 (full 0):
 garbage-first heap   total 69632K, used 49939K [0x0000000705200000, 0x0000000800000000)
  region size 2048K, 20 young (40960K), 4 survivors (8192K)
 Metaspace       used 25203K, committed 25664K, reserved 1114112K
  class space    used 3615K, committed 3840K, reserved 1048576K
}
Event: 2.178 GC heap after
{Heap after GC invocations=6 (full 0):
 garbage-first heap   total 69632K, used 19836K [0x0000000705200000, 0x0000000800000000)
  region size 2048K, 2 young (4096K), 2 survivors (4096K)
 Metaspace       used 25203K, committed 25664K, reserved 1114112K
  class space    used 3615K, committed 3840K, reserved 1048576K
}
Event: 2.199 GC heap before
{Heap before GC invocations=6 (full 0):
 garbage-first heap   total 69632K, used 21884K [0x0000000705200000, 0x0000000800000000)
  region size 2048K, 3 young (6144K), 2 survivors (4096K)
 Metaspace       used 25491K, committed 25920K, reserved 1114112K
  class space    used 3694K, committed 3904K, reserved 1048576K
}
Event: 2.204 GC heap after
{Heap after GC invocations=7 (full 0):
 garbage-first heap   total 90112K, used 20270K [0x0000000705200000, 0x0000000800000000)
  region size 2048K, 1 young (2048K), 1 survivors (2048K)
 Metaspace       used 25491K, committed 25920K, reserved 1114112K
  class space    used 3694K, committed 3904K, reserved 1048576K
}
Event: 2.597 GC heap before
{Heap before GC invocations=7 (full 0):
 garbage-first heap   total 90112K, used 59182K [0x0000000705200000, 0x0000000800000000)
  region size 2048K, 21 young (43008K), 1 survivors (2048K)
 Metaspace       used 28547K, committed 29056K, reserved 1114112K
  class space    used 4034K, committed 4288K, reserved 1048576K
}
Event: 2.599 GC heap after
{Heap after GC invocations=8 (full 0):
 garbage-first heap   total 90112K, used 23827K [0x0000000705200000, 0x0000000800000000)
  region size 2048K, 3 young (6144K), 3 survivors (6144K)
 Metaspace       used 28547K, committed 29056K, reserved 1114112K
  class space    used 4034K, committed 4288K, reserved 1048576K
}
Event: 3.156 GC heap before
{Heap before GC invocations=8 (full 0):
 garbage-first heap   total 90112K, used 60691K [0x0000000705200000, 0x0000000800000000)
  region size 2048K, 22 young (45056K), 3 survivors (6144K)
 Metaspace       used 35041K, committed 35520K, reserved 1114112K
  class space    used 4836K, committed 5056K, reserved 1048576K
}
Event: 3.161 GC heap after
{Heap after GC invocations=9 (full 0):
 garbage-first heap   total 90112K, used 27043K [0x0000000705200000, 0x0000000800000000)
  region size 2048K, 2 young (4096K), 2 survivors (4096K)
 Metaspace       used 35041K, committed 35520K, reserved 1114112K
  class space    used 4836K, committed 5056K, reserved 1048576K
}
Event: 3.207 GC heap before
{Heap before GC invocations=9 (full 0):
 garbage-first heap   total 90112K, used 29091K [0x0000000705200000, 0x0000000800000000)
  region size 2048K, 4 young (8192K), 2 survivors (4096K)
 Metaspace       used 35556K, committed 35968K, reserved 1114112K
  class space    used 4920K, committed 5120K, reserved 1048576K
}
Event: 3.210 GC heap after
{Heap after GC invocations=10 (full 0):
 garbage-first heap   total 90112K, used 27094K [0x0000000705200000, 0x0000000800000000)
  region size 2048K, 2 young (4096K), 2 survivors (4096K)
 Metaspace       used 35556K, committed 35968K, reserved 1114112K
  class space    used 4920K, committed 5120K, reserved 1048576K
}
Event: 3.786 GC heap before
{Heap before GC invocations=11 (full 0):
 garbage-first heap   total 90112K, used 63958K [0x0000000705200000, 0x0000000800000000)
  region size 2048K, 21 young (43008K), 2 survivors (4096K)
 Metaspace       used 43374K, committed 43840K, reserved 1114112K
  class space    used 6117K, committed 6336K, reserved 1048576K
}
Event: 3.789 GC heap after
{Heap after GC invocations=12 (full 0):
 garbage-first heap   total 90112K, used 28667K [0x0000000705200000, 0x0000000800000000)
  region size 2048K, 3 young (6144K), 3 survivors (6144K)
 Metaspace       used 43374K, committed 43840K, reserved 1114112K
  class space    used 6117K, committed 6336K, reserved 1048576K
}
Event: 3.813 GC heap before
{Heap before GC invocations=12 (full 0):
 garbage-first heap   total 90112K, used 30715K [0x0000000705200000, 0x0000000800000000)
  region size 2048K, 4 young (8192K), 3 survivors (6144K)
 Metaspace       used 43706K, committed 44160K, reserved 1114112K
  class space    used 6165K, committed 6400K, reserved 1048576K
}
Event: 3.817 GC heap after
{Heap after GC invocations=13 (full 0):
 garbage-first heap   total 90112K, used 28286K [0x0000000705200000, 0x0000000800000000)
  region size 2048K, 1 young (2048K), 1 survivors (2048K)
 Metaspace       used 43706K, committed 44160K, reserved 1114112K
  class space    used 6165K, committed 6400K, reserved 1048576K
}
Event: 4.405 GC heap before
{Heap before GC invocations=13 (full 0):
 garbage-first heap   total 90112K, used 67198K [0x0000000705200000, 0x0000000800000000)
  region size 2048K, 20 young (40960K), 1 survivors (2048K)
 Metaspace       used 52185K, committed 52672K, reserved 1114112K
  class space    used 7579K, committed 7808K, reserved 1048576K
}
Event: 4.407 GC heap after
{Heap after GC invocations=14 (full 0):
 garbage-first heap   total 90112K, used 29189K [0x0000000705200000, 0x0000000800000000)
  region size 2048K, 1 young (2048K), 1 survivors (2048K)
 Metaspace       used 52185K, committed 52672K, reserved 1114112K
  class space    used 7579K, committed 7808K, reserved 1048576K
}
Event: 4.834 GC heap before
{Heap before GC invocations=14 (full 0):
 garbage-first heap   total 90112K, used 68101K [0x0000000705200000, 0x0000000800000000)
  region size 2048K, 20 young (40960K), 1 survivors (2048K)
 Metaspace       used 57805K, committed 58432K, reserved 1114112K
  class space    used 8362K, committed 8640K, reserved 1048576K
}
Event: 4.839 GC heap after
{Heap after GC invocations=15 (full 0):
 garbage-first heap   total 90112K, used 31901K [0x0000000705200000, 0x0000000800000000)
  region size 2048K, 2 young (4096K), 2 survivors (4096K)
 Metaspace       used 57805K, committed 58432K, reserved 1114112K
  class space    used 8362K, committed 8640K, reserved 1048576K
}
Event: 5.163 GC heap before
{Heap before GC invocations=15 (full 0):
 garbage-first heap   total 90112K, used 66717K [0x0000000705200000, 0x0000000800000000)
  region size 2048K, 20 young (40960K), 2 survivors (4096K)
 Metaspace       used 59674K, committed 60160K, reserved 1114112K
  class space    used 8656K, committed 8896K, reserved 1048576K
}
Event: 5.171 GC heap after
{Heap after GC invocations=16 (full 0):
 garbage-first heap   total 180224K, used 33260K [0x0000000705200000, 0x0000000800000000)
  region size 2048K, 2 young (4096K), 2 survivors (4096K)
 Metaspace       used 59674K, committed 60160K, reserved 1114112K
  class space    used 8656K, committed 8896K, reserved 1048576K
}

